<?xml version="1.0" encoding="UTF-8"?>
<!-- Generated by org.testng.reporters.JUnitXMLReporter -->
<testsuite ignored="18" hostname="Cat" failures="6" tests="40" name="Dentzy Functional Tests" time="489.783" errors="0" timestamp="2026-07-11T11:41:57 IST">
  <testcase classname="base.BaseTest" name="@AfterMethod tearDown" time="0.01">
    <failure type="org.openqa.selenium.WebDriverException" message="&amp;apos;GET /screenshot&amp;apos; cannot be proxied to UiAutomator2 server because the instrumentation process is not running (probably crashed). Check the server log and/or the logcat output for more details
Build info: version: &amp;apos;4.46.0&amp;apos;, revision: &amp;apos;df5a634 df5a6341cbb5f8f06b836bd595752775627c80dc&amp;apos;
System info: os.name: &amp;apos;Windows 11&amp;apos;, os.arch: &amp;apos;amd64&amp;apos;, os.version: &amp;apos;10.0&amp;apos;, java.version: &amp;apos;17.0.12&amp;apos;
Driver info: io.appium.java_client.android.AndroidDriver
Command: [de9569b0-cece-4ea1-a68e-f80e96b74eb0, screenshot {}]
Capabilities {appium:app: C:\Users\Dyuthi\Dentzy_App\..., appium:appActivity: com.example.dentzy.MainActi..., appium:appPackage: com.example.dentzy, appium:autoGrantPermissions: true, appium:automationName: UiAutomator2, appium:databaseEnabled: false, appium:desired: {app: C:\Users\Dyuthi\Dentzy_App\..., appActivity: com.example.dentzy.MainActi..., appPackage: com.example.dentzy, autoGrantPermissions: true, automationName: UiAutomator2, deviceName: emulator-5554, newCommandTimeout: 600, noReset: false, platformName: ANDROID, platformVersion: 17}, appium:deviceApiLevel: 37, appium:deviceManufacturer: Google, appium:deviceModel: sdk_gphone16k_x86_64, appium:deviceName: emulator-5554, appium:deviceScreenDensity: 480, appium:deviceScreenSize: 1344x2992, appium:deviceUDID: emulator-5554, appium:javascriptEnabled: true, appium:locationContextEnabled: false, appium:networkConnectionEnabled: true, appium:newCommandTimeout: 600, appium:noReset: false, appium:pixelRatio: 3, appium:platformVersion: 17, appium:statBarHeight: 156, appium:takesScreenshot: true, appium:viewportRect: {height: 2836, left: 0, top: 156, width: 1344}, appium:warnings: {}, appium:webStorageEnabled: false, platformName: ANDROID}
Session ID: de9569b0-cece-4ea1-a68e-f80e96b74eb0">
      <![CDATA[org.openqa.selenium.WebDriverException: 'GET /screenshot' cannot be proxied to UiAutomator2 server because the instrumentation process is not running (probably crashed). Check the server log and/or the logcat output for more details
Build info: version: '4.46.0', revision: 'df5a634 df5a6341cbb5f8f06b836bd595752775627c80dc'
System info: os.name: 'Windows 11', os.arch: 'amd64', os.version: '10.0', java.version: '17.0.12'
Driver info: io.appium.java_client.android.AndroidDriver
Command: [de9569b0-cece-4ea1-a68e-f80e96b74eb0, screenshot {}]
Capabilities {appium:app: C:\Users\Dyuthi\Dentzy_App\..., appium:appActivity: com.example.dentzy.MainActi..., appium:appPackage: com.example.dentzy, appium:autoGrantPermissions: true, appium:automationName: UiAutomator2, appium:databaseEnabled: false, appium:desired: {app: C:\Users\Dyuthi\Dentzy_App\..., appActivity: com.example.dentzy.MainActi..., appPackage: com.example.dentzy, autoGrantPermissions: true, automationName: UiAutomator2, deviceName: emulator-5554, newCommandTimeout: 600, noReset: false, platformName: ANDROID, platformVersion: 17}, appium:deviceApiLevel: 37, appium:deviceManufacturer: Google, appium:deviceModel: sdk_gphone16k_x86_64, appium:deviceName: emulator-5554, appium:deviceScreenDensity: 480, appium:deviceScreenSize: 1344x2992, appium:deviceUDID: emulator-5554, appium:javascriptEnabled: true, appium:locationContextEnabled: false, appium:networkConnectionEnabled: true, appium:newCommandTimeout: 600, appium:noReset: false, appium:pixelRatio: 3, appium:platformVersion: 17, appium:statBarHeight: 156, appium:takesScreenshot: true, appium:viewportRect: {height: 2836, left: 0, top: 156, width: 1344}, appium:warnings: {}, appium:webStorageEnabled: false, platformName: ANDROID}
Session ID: de9569b0-cece-4ea1-a68e-f80e96b74eb0
at org.openqa.selenium.remote.ErrorCodec.decode(ErrorCodec.java:169)
at org.openqa.selenium.remote.codec.w3c.W3CHttpResponseCodec.decode(W3CHttpResponseCodec.java:143)
at org.openqa.selenium.remote.codec.w3c.W3CHttpResponseCodec.decode(W3CHttpResponseCodec.java:50)
at org.openqa.selenium.remote.HttpCommandExecutor.execute(HttpCommandExecutor.java:196)
at io.appium.java_client.remote.AppiumCommandExecutor.execute(AppiumCommandExecutor.java:243)
at org.openqa.selenium.remote.RemoteWebDriver.execute(RemoteWebDriver.java:626)
at org.openqa.selenium.remote.RemoteWebDriver.execute(RemoteWebDriver.java:708)
at io.appium.java_client.AppiumDriver.execute(AppiumDriver.java:230)
at org.openqa.selenium.remote.RemoteWebDriver.getScreenshotAs(RemoteWebDriver.java:372)
at io.appium.java_client.AppiumDriver.getScreenshotAs(AppiumDriver.java:239)
at utilities.ScreenshotUtil.captureScreenshot(ScreenshotUtil.java:19)
at base.BaseTest.tearDown(BaseTest.java:140)
at java.base/java.util.ArrayList.forEach(ArrayList.java:1511)
... Removed 35 stack frames]]>
    </failure>
  </testcase> <!-- @AfterMethod tearDown -->
  <testcase classname="base.BaseTest" name="@BeforeMethod setUp" time="0.0">
    <skipped/>
  </testcase> <!-- @BeforeMethod setUp -->
  <testcase classname="base.BaseTest" name="@AfterMethod tearDown" time="0.0">
    <skipped/>
  </testcase> <!-- @AfterMethod tearDown -->
  <testcase classname="base.BaseTest" name="@BeforeMethod setUp" time="0.0">
    <skipped/>
  </testcase> <!-- @BeforeMethod setUp -->
  <testcase classname="base.BaseTest" name="@AfterMethod tearDown" time="0.0">
    <skipped/>
  </testcase> <!-- @AfterMethod tearDown -->
  <testcase classname="base.BaseTest" name="@BeforeMethod setUp" time="0.0">
    <skipped/>
  </testcase> <!-- @BeforeMethod setUp -->
  <testcase classname="base.BaseTest" name="@AfterMethod tearDown" time="0.0">
    <skipped/>
  </testcase> <!-- @AfterMethod tearDown -->
  <testcase classname="base.BaseTest" name="@BeforeMethod setUp" time="0.0">
    <skipped/>
  </testcase> <!-- @BeforeMethod setUp -->
  <testcase classname="base.BaseTest" name="@AfterMethod tearDown" time="0.0">
    <skipped/>
  </testcase> <!-- @AfterMethod tearDown -->
  <testcase classname="base.BaseTest" name="@AfterMethod tearDown" time="0.003">
    <failure type="org.openqa.selenium.NoSuchSessionException" message="A session is either terminated or not started
Build info: version: &amp;apos;4.46.0&amp;apos;, revision: &amp;apos;df5a634 df5a6341cbb5f8f06b836bd595752775627c80dc&amp;apos;
System info: os.name: &amp;apos;Windows 11&amp;apos;, os.arch: &amp;apos;amd64&amp;apos;, os.version: &amp;apos;10.0&amp;apos;, java.version: &amp;apos;17.0.12&amp;apos;
Driver info: io.appium.java_client.android.AndroidDriver
Command: [9659fa67-b81e-468e-ac88-5b46fca185a2, screenshot {}]
Capabilities {appium:app: C:\Users\Dyuthi\Dentzy_App\..., appium:appActivity: com.example.dentzy.MainActi..., appium:appPackage: com.example.dentzy, appium:autoGrantPermissions: true, appium:automationName: UiAutomator2, appium:databaseEnabled: false, appium:desired: {app: C:\Users\Dyuthi\Dentzy_App\..., appActivity: com.example.dentzy.MainActi..., appPackage: com.example.dentzy, autoGrantPermissions: true, automationName: UiAutomator2, deviceName: emulator-5554, newCommandTimeout: 600, noReset: false, platformName: ANDROID, platformVersion: 17}, appium:deviceApiLevel: 37, appium:deviceManufacturer: Google, appium:deviceModel: sdk_gphone16k_x86_64, appium:deviceName: emulator-5554, appium:deviceScreenDensity: 480, appium:deviceScreenSize: 1344x2992, appium:deviceUDID: emulator-5554, appium:javascriptEnabled: true, appium:locationContextEnabled: false, appium:networkConnectionEnabled: true, appium:newCommandTimeout: 600, appium:noReset: false, appium:pixelRatio: 3, appium:platformVersion: 17, appium:statBarHeight: 156, appium:takesScreenshot: true, appium:viewportRect: {height: 2836, left: 0, top: 156, width: 1344}, appium:warnings: {}, appium:webStorageEnabled: false, platformName: ANDROID}
Session ID: 9659fa67-b81e-468e-ac88-5b46fca185a2">
      <![CDATA[org.openqa.selenium.NoSuchSessionException: A session is either terminated or not started
Build info: version: '4.46.0', revision: 'df5a634 df5a6341cbb5f8f06b836bd595752775627c80dc'
System info: os.name: 'Windows 11', os.arch: 'amd64', os.version: '10.0', java.version: '17.0.12'
Driver info: io.appium.java_client.android.AndroidDriver
Command: [9659fa67-b81e-468e-ac88-5b46fca185a2, screenshot {}]
Capabilities {appium:app: C:\Users\Dyuthi\Dentzy_App\..., appium:appActivity: com.example.dentzy.MainActi..., appium:appPackage: com.example.dentzy, appium:autoGrantPermissions: true, appium:automationName: UiAutomator2, appium:databaseEnabled: false, appium:desired: {app: C:\Users\Dyuthi\Dentzy_App\..., appActivity: com.example.dentzy.MainActi..., appPackage: com.example.dentzy, autoGrantPermissions: true, automationName: UiAutomator2, deviceName: emulator-5554, newCommandTimeout: 600, noReset: false, platformName: ANDROID, platformVersion: 17}, appium:deviceApiLevel: 37, appium:deviceManufacturer: Google, appium:deviceModel: sdk_gphone16k_x86_64, appium:deviceName: emulator-5554, appium:deviceScreenDensity: 480, appium:deviceScreenSize: 1344x2992, appium:deviceUDID: emulator-5554, appium:javascriptEnabled: true, appium:locationContextEnabled: false, appium:networkConnectionEnabled: true, appium:newCommandTimeout: 600, appium:noReset: false, appium:pixelRatio: 3, appium:platformVersion: 17, appium:statBarHeight: 156, appium:takesScreenshot: true, appium:viewportRect: {height: 2836, left: 0, top: 156, width: 1344}, appium:warnings: {}, appium:webStorageEnabled: false, platformName: ANDROID}
Session ID: 9659fa67-b81e-468e-ac88-5b46fca185a2
at org.openqa.selenium.remote.ErrorCodec.decode(ErrorCodec.java:169)
at org.openqa.selenium.remote.codec.w3c.W3CHttpResponseCodec.decode(W3CHttpResponseCodec.java:143)
at org.openqa.selenium.remote.codec.w3c.W3CHttpResponseCodec.decode(W3CHttpResponseCodec.java:50)
at org.openqa.selenium.remote.HttpCommandExecutor.execute(HttpCommandExecutor.java:196)
at io.appium.java_client.remote.AppiumCommandExecutor.execute(AppiumCommandExecutor.java:243)
at org.openqa.selenium.remote.RemoteWebDriver.execute(RemoteWebDriver.java:626)
at org.openqa.selenium.remote.RemoteWebDriver.execute(RemoteWebDriver.java:708)
at io.appium.java_client.AppiumDriver.execute(AppiumDriver.java:230)
at org.openqa.selenium.remote.RemoteWebDriver.getScreenshotAs(RemoteWebDriver.java:372)
at io.appium.java_client.AppiumDriver.getScreenshotAs(AppiumDriver.java:239)
at utilities.ScreenshotUtil.captureScreenshot(ScreenshotUtil.java:19)
at base.BaseTest.tearDown(BaseTest.java:140)
at java.base/java.util.ArrayList.forEach(ArrayList.java:1511)
... Removed 35 stack frames]]>
    </failure>
  </testcase> <!-- @AfterMethod tearDown -->
  <testcase classname="base.BaseTest" name="@BeforeMethod setUp" time="0.0">
    <skipped/>
  </testcase> <!-- @BeforeMethod setUp -->
  <testcase classname="base.BaseTest" name="@AfterMethod tearDown" time="0.0">
    <skipped/>
  </testcase> <!-- @AfterMethod tearDown -->
  <testcase classname="base.BaseTest" name="@AfterMethod tearDown" time="0.006">
    <failure type="org.openqa.selenium.NoSuchSessionException" message="A session is either terminated or not started
Build info: version: &amp;apos;4.46.0&amp;apos;, revision: &amp;apos;df5a634 df5a6341cbb5f8f06b836bd595752775627c80dc&amp;apos;
System info: os.name: &amp;apos;Windows 11&amp;apos;, os.arch: &amp;apos;amd64&amp;apos;, os.version: &amp;apos;10.0&amp;apos;, java.version: &amp;apos;17.0.12&amp;apos;
Driver info: io.appium.java_client.android.AndroidDriver
Command: [2fde51bd-d399-486f-afcc-c82306a01940, screenshot {}]
Capabilities {appium:app: C:\Users\Dyuthi\Dentzy_App\..., appium:appActivity: com.example.dentzy.MainActi..., appium:appPackage: com.example.dentzy, appium:autoGrantPermissions: true, appium:automationName: UiAutomator2, appium:databaseEnabled: false, appium:desired: {app: C:\Users\Dyuthi\Dentzy_App\..., appActivity: com.example.dentzy.MainActi..., appPackage: com.example.dentzy, autoGrantPermissions: true, automationName: UiAutomator2, deviceName: emulator-5554, newCommandTimeout: 600, noReset: false, platformName: ANDROID, platformVersion: 17}, appium:deviceApiLevel: 37, appium:deviceManufacturer: Google, appium:deviceModel: sdk_gphone16k_x86_64, appium:deviceName: emulator-5554, appium:deviceScreenDensity: 480, appium:deviceScreenSize: 1344x2992, appium:deviceUDID: emulator-5554, appium:javascriptEnabled: true, appium:locationContextEnabled: false, appium:networkConnectionEnabled: true, appium:newCommandTimeout: 600, appium:noReset: false, appium:pixelRatio: 3, appium:platformVersion: 17, appium:statBarHeight: 156, appium:takesScreenshot: true, appium:viewportRect: {height: 2836, left: 0, top: 156, width: 1344}, appium:warnings: {}, appium:webStorageEnabled: false, platformName: ANDROID}
Session ID: 2fde51bd-d399-486f-afcc-c82306a01940">
      <![CDATA[org.openqa.selenium.NoSuchSessionException: A session is either terminated or not started
Build info: version: '4.46.0', revision: 'df5a634 df5a6341cbb5f8f06b836bd595752775627c80dc'
System info: os.name: 'Windows 11', os.arch: 'amd64', os.version: '10.0', java.version: '17.0.12'
Driver info: io.appium.java_client.android.AndroidDriver
Command: [2fde51bd-d399-486f-afcc-c82306a01940, screenshot {}]
Capabilities {appium:app: C:\Users\Dyuthi\Dentzy_App\..., appium:appActivity: com.example.dentzy.MainActi..., appium:appPackage: com.example.dentzy, appium:autoGrantPermissions: true, appium:automationName: UiAutomator2, appium:databaseEnabled: false, appium:desired: {app: C:\Users\Dyuthi\Dentzy_App\..., appActivity: com.example.dentzy.MainActi..., appPackage: com.example.dentzy, autoGrantPermissions: true, automationName: UiAutomator2, deviceName: emulator-5554, newCommandTimeout: 600, noReset: false, platformName: ANDROID, platformVersion: 17}, appium:deviceApiLevel: 37, appium:deviceManufacturer: Google, appium:deviceModel: sdk_gphone16k_x86_64, appium:deviceName: emulator-5554, appium:deviceScreenDensity: 480, appium:deviceScreenSize: 1344x2992, appium:deviceUDID: emulator-5554, appium:javascriptEnabled: true, appium:locationContextEnabled: false, appium:networkConnectionEnabled: true, appium:newCommandTimeout: 600, appium:noReset: false, appium:pixelRatio: 3, appium:platformVersion: 17, appium:statBarHeight: 156, appium:takesScreenshot: true, appium:viewportRect: {height: 2836, left: 0, top: 156, width: 1344}, appium:warnings: {}, appium:webStorageEnabled: false, platformName: ANDROID}
Session ID: 2fde51bd-d399-486f-afcc-c82306a01940
at org.openqa.selenium.remote.ErrorCodec.decode(ErrorCodec.java:169)
at org.openqa.selenium.remote.codec.w3c.W3CHttpResponseCodec.decode(W3CHttpResponseCodec.java:143)
at org.openqa.selenium.remote.codec.w3c.W3CHttpResponseCodec.decode(W3CHttpResponseCodec.java:50)
at org.openqa.selenium.remote.HttpCommandExecutor.execute(HttpCommandExecutor.java:196)
at io.appium.java_client.remote.AppiumCommandExecutor.execute(AppiumCommandExecutor.java:243)
at org.openqa.selenium.remote.RemoteWebDriver.execute(RemoteWebDriver.java:626)
at org.openqa.selenium.remote.RemoteWebDriver.execute(RemoteWebDriver.java:708)
at io.appium.java_client.AppiumDriver.execute(AppiumDriver.java:230)
at org.openqa.selenium.remote.RemoteWebDriver.getScreenshotAs(RemoteWebDriver.java:372)
at io.appium.java_client.AppiumDriver.getScreenshotAs(AppiumDriver.java:239)
at utilities.ScreenshotUtil.captureScreenshot(ScreenshotUtil.java:19)
at base.BaseTest.tearDown(BaseTest.java:140)
at java.base/java.util.ArrayList.forEach(ArrayList.java:1511)
... Removed 35 stack frames]]>
    </failure>
  </testcase> <!-- @AfterMethod tearDown -->
  <testcase classname="base.BaseTest" name="@AfterMethod tearDown" time="0.003">
    <failure type="org.openqa.selenium.NoSuchSessionException" message="A session is either terminated or not started
Build info: version: &amp;apos;4.46.0&amp;apos;, revision: &amp;apos;df5a634 df5a6341cbb5f8f06b836bd595752775627c80dc&amp;apos;
System info: os.name: &amp;apos;Windows 11&amp;apos;, os.arch: &amp;apos;amd64&amp;apos;, os.version: &amp;apos;10.0&amp;apos;, java.version: &amp;apos;17.0.12&amp;apos;
Driver info: io.appium.java_client.android.AndroidDriver
Command: [a97dfb10-9458-40a3-a49b-feb57003f3eb, screenshot {}]
Capabilities {appium:app: C:\Users\Dyuthi\Dentzy_App\..., appium:appActivity: com.example.dentzy.MainActi..., appium:appPackage: com.example.dentzy, appium:autoGrantPermissions: true, appium:automationName: UiAutomator2, appium:databaseEnabled: false, appium:desired: {app: C:\Users\Dyuthi\Dentzy_App\..., appActivity: com.example.dentzy.MainActi..., appPackage: com.example.dentzy, autoGrantPermissions: true, automationName: UiAutomator2, deviceName: emulator-5554, newCommandTimeout: 600, noReset: false, platformName: ANDROID, platformVersion: 17}, appium:deviceApiLevel: 37, appium:deviceManufacturer: Google, appium:deviceModel: sdk_gphone16k_x86_64, appium:deviceName: emulator-5554, appium:deviceScreenDensity: 480, appium:deviceScreenSize: 1344x2992, appium:deviceUDID: emulator-5554, appium:javascriptEnabled: true, appium:locationContextEnabled: false, appium:networkConnectionEnabled: true, appium:newCommandTimeout: 600, appium:noReset: false, appium:pixelRatio: 3, appium:platformVersion: 17, appium:statBarHeight: 156, appium:takesScreenshot: true, appium:viewportRect: {height: 2836, left: 0, top: 156, width: 1344}, appium:warnings: {}, appium:webStorageEnabled: false, platformName: ANDROID}
Session ID: a97dfb10-9458-40a3-a49b-feb57003f3eb">
      <![CDATA[org.openqa.selenium.NoSuchSessionException: A session is either terminated or not started
Build info: version: '4.46.0', revision: 'df5a634 df5a6341cbb5f8f06b836bd595752775627c80dc'
System info: os.name: 'Windows 11', os.arch: 'amd64', os.version: '10.0', java.version: '17.0.12'
Driver info: io.appium.java_client.android.AndroidDriver
Command: [a97dfb10-9458-40a3-a49b-feb57003f3eb, screenshot {}]
Capabilities {appium:app: C:\Users\Dyuthi\Dentzy_App\..., appium:appActivity: com.example.dentzy.MainActi..., appium:appPackage: com.example.dentzy, appium:autoGrantPermissions: true, appium:automationName: UiAutomator2, appium:databaseEnabled: false, appium:desired: {app: C:\Users\Dyuthi\Dentzy_App\..., appActivity: com.example.dentzy.MainActi..., appPackage: com.example.dentzy, autoGrantPermissions: true, automationName: UiAutomator2, deviceName: emulator-5554, newCommandTimeout: 600, noReset: false, platformName: ANDROID, platformVersion: 17}, appium:deviceApiLevel: 37, appium:deviceManufacturer: Google, appium:deviceModel: sdk_gphone16k_x86_64, appium:deviceName: emulator-5554, appium:deviceScreenDensity: 480, appium:deviceScreenSize: 1344x2992, appium:deviceUDID: emulator-5554, appium:javascriptEnabled: true, appium:locationContextEnabled: false, appium:networkConnectionEnabled: true, appium:newCommandTimeout: 600, appium:noReset: false, appium:pixelRatio: 3, appium:platformVersion: 17, appium:statBarHeight: 156, appium:takesScreenshot: true, appium:viewportRect: {height: 2836, left: 0, top: 156, width: 1344}, appium:warnings: {}, appium:webStorageEnabled: false, platformName: ANDROID}
Session ID: a97dfb10-9458-40a3-a49b-feb57003f3eb
at org.openqa.selenium.remote.ErrorCodec.decode(ErrorCodec.java:169)
at org.openqa.selenium.remote.codec.w3c.W3CHttpResponseCodec.decode(W3CHttpResponseCodec.java:143)
at org.openqa.selenium.remote.codec.w3c.W3CHttpResponseCodec.decode(W3CHttpResponseCodec.java:50)
at org.openqa.selenium.remote.HttpCommandExecutor.execute(HttpCommandExecutor.java:196)
at io.appium.java_client.remote.AppiumCommandExecutor.execute(AppiumCommandExecutor.java:243)
at org.openqa.selenium.remote.RemoteWebDriver.execute(RemoteWebDriver.java:626)
at org.openqa.selenium.remote.RemoteWebDriver.execute(RemoteWebDriver.java:708)
at io.appium.java_client.AppiumDriver.execute(AppiumDriver.java:230)
at org.openqa.selenium.remote.RemoteWebDriver.getScreenshotAs(RemoteWebDriver.java:372)
at io.appium.java_client.AppiumDriver.getScreenshotAs(AppiumDriver.java:239)
at utilities.ScreenshotUtil.captureScreenshot(ScreenshotUtil.java:19)
at base.BaseTest.tearDown(BaseTest.java:140)
at java.base/java.util.ArrayList.forEach(ArrayList.java:1511)
... Removed 35 stack frames]]>
    </failure>
  </testcase> <!-- @AfterMethod tearDown -->
  <testcase classname="base.BaseTest" name="@AfterMethod tearDown" time="0.003">
    <failure type="org.openqa.selenium.NoSuchSessionException" message="A session is either terminated or not started
Build info: version: &amp;apos;4.46.0&amp;apos;, revision: &amp;apos;df5a634 df5a6341cbb5f8f06b836bd595752775627c80dc&amp;apos;
System info: os.name: &amp;apos;Windows 11&amp;apos;, os.arch: &amp;apos;amd64&amp;apos;, os.version: &amp;apos;10.0&amp;apos;, java.version: &amp;apos;17.0.12&amp;apos;
Driver info: io.appium.java_client.android.AndroidDriver
Command: [db0011ee-80f2-4e47-b697-e19dc94bdb42, screenshot {}]
Capabilities {appium:app: C:\Users\Dyuthi\Dentzy_App\..., appium:appActivity: com.example.dentzy.MainActi..., appium:appPackage: com.example.dentzy, appium:autoGrantPermissions: true, appium:automationName: UiAutomator2, appium:databaseEnabled: false, appium:desired: {app: C:\Users\Dyuthi\Dentzy_App\..., appActivity: com.example.dentzy.MainActi..., appPackage: com.example.dentzy, autoGrantPermissions: true, automationName: UiAutomator2, deviceName: emulator-5554, newCommandTimeout: 600, noReset: false, platformName: ANDROID, platformVersion: 17}, appium:deviceApiLevel: 37, appium:deviceManufacturer: Google, appium:deviceModel: sdk_gphone16k_x86_64, appium:deviceName: emulator-5554, appium:deviceScreenDensity: 480, appium:deviceScreenSize: 1344x2992, appium:deviceUDID: emulator-5554, appium:javascriptEnabled: true, appium:locationContextEnabled: false, appium:networkConnectionEnabled: true, appium:newCommandTimeout: 600, appium:noReset: false, appium:pixelRatio: 3, appium:platformVersion: 17, appium:statBarHeight: 156, appium:takesScreenshot: true, appium:viewportRect: {height: 2836, left: 0, top: 156, width: 1344}, appium:warnings: {}, appium:webStorageEnabled: false, platformName: ANDROID}
Session ID: db0011ee-80f2-4e47-b697-e19dc94bdb42">
      <![CDATA[org.openqa.selenium.NoSuchSessionException: A session is either terminated or not started
Build info: version: '4.46.0', revision: 'df5a634 df5a6341cbb5f8f06b836bd595752775627c80dc'
System info: os.name: 'Windows 11', os.arch: 'amd64', os.version: '10.0', java.version: '17.0.12'
Driver info: io.appium.java_client.android.AndroidDriver
Command: [db0011ee-80f2-4e47-b697-e19dc94bdb42, screenshot {}]
Capabilities {appium:app: C:\Users\Dyuthi\Dentzy_App\..., appium:appActivity: com.example.dentzy.MainActi..., appium:appPackage: com.example.dentzy, appium:autoGrantPermissions: true, appium:automationName: UiAutomator2, appium:databaseEnabled: false, appium:desired: {app: C:\Users\Dyuthi\Dentzy_App\..., appActivity: com.example.dentzy.MainActi..., appPackage: com.example.dentzy, autoGrantPermissions: true, automationName: UiAutomator2, deviceName: emulator-5554, newCommandTimeout: 600, noReset: false, platformName: ANDROID, platformVersion: 17}, appium:deviceApiLevel: 37, appium:deviceManufacturer: Google, appium:deviceModel: sdk_gphone16k_x86_64, appium:deviceName: emulator-5554, appium:deviceScreenDensity: 480, appium:deviceScreenSize: 1344x2992, appium:deviceUDID: emulator-5554, appium:javascriptEnabled: true, appium:locationContextEnabled: false, appium:networkConnectionEnabled: true, appium:newCommandTimeout: 600, appium:noReset: false, appium:pixelRatio: 3, appium:platformVersion: 17, appium:statBarHeight: 156, appium:takesScreenshot: true, appium:viewportRect: {height: 2836, left: 0, top: 156, width: 1344}, appium:warnings: {}, appium:webStorageEnabled: false, platformName: ANDROID}
Session ID: db0011ee-80f2-4e47-b697-e19dc94bdb42
at org.openqa.selenium.remote.ErrorCodec.decode(ErrorCodec.java:169)
at org.openqa.selenium.remote.codec.w3c.W3CHttpResponseCodec.decode(W3CHttpResponseCodec.java:143)
at org.openqa.selenium.remote.codec.w3c.W3CHttpResponseCodec.decode(W3CHttpResponseCodec.java:50)
at org.openqa.selenium.remote.HttpCommandExecutor.execute(HttpCommandExecutor.java:196)
at io.appium.java_client.remote.AppiumCommandExecutor.execute(AppiumCommandExecutor.java:243)
at org.openqa.selenium.remote.RemoteWebDriver.execute(RemoteWebDriver.java:626)
at org.openqa.selenium.remote.RemoteWebDriver.execute(RemoteWebDriver.java:708)
at io.appium.java_client.AppiumDriver.execute(AppiumDriver.java:230)
at org.openqa.selenium.remote.RemoteWebDriver.getScreenshotAs(RemoteWebDriver.java:372)
at io.appium.java_client.AppiumDriver.getScreenshotAs(AppiumDriver.java:239)
at utilities.ScreenshotUtil.captureScreenshot(ScreenshotUtil.java:19)
at base.BaseTest.tearDown(BaseTest.java:140)
at java.base/java.util.ArrayList.forEach(ArrayList.java:1511)
... Removed 35 stack frames]]>
    </failure>
  </testcase> <!-- @AfterMethod tearDown -->
  <testcase classname="base.BaseTest" name="@AfterMethod tearDown" time="0.002">
    <failure type="org.openqa.selenium.NoSuchSessionException" message="A session is either terminated or not started
Build info: version: &amp;apos;4.46.0&amp;apos;, revision: &amp;apos;df5a634 df5a6341cbb5f8f06b836bd595752775627c80dc&amp;apos;
System info: os.name: &amp;apos;Windows 11&amp;apos;, os.arch: &amp;apos;amd64&amp;apos;, os.version: &amp;apos;10.0&amp;apos;, java.version: &amp;apos;17.0.12&amp;apos;
Driver info: io.appium.java_client.android.AndroidDriver
Command: [ac6dc55a-1488-4659-993f-0cf4a6c8f4f0, screenshot {}]
Capabilities {appium:app: C:\Users\Dyuthi\Dentzy_App\..., appium:appActivity: com.example.dentzy.MainActi..., appium:appPackage: com.example.dentzy, appium:autoGrantPermissions: true, appium:automationName: UiAutomator2, appium:databaseEnabled: false, appium:desired: {app: C:\Users\Dyuthi\Dentzy_App\..., appActivity: com.example.dentzy.MainActi..., appPackage: com.example.dentzy, autoGrantPermissions: true, automationName: UiAutomator2, deviceName: emulator-5554, newCommandTimeout: 600, noReset: false, platformName: ANDROID, platformVersion: 17}, appium:deviceApiLevel: 37, appium:deviceManufacturer: Google, appium:deviceModel: sdk_gphone16k_x86_64, appium:deviceName: emulator-5554, appium:deviceScreenDensity: 480, appium:deviceScreenSize: 1344x2992, appium:deviceUDID: emulator-5554, appium:javascriptEnabled: true, appium:locationContextEnabled: false, appium:networkConnectionEnabled: true, appium:newCommandTimeout: 600, appium:noReset: false, appium:pixelRatio: 3, appium:platformVersion: 17, appium:statBarHeight: 156, appium:takesScreenshot: true, appium:viewportRect: {height: 2836, left: 0, top: 156, width: 1344}, appium:warnings: {}, appium:webStorageEnabled: false, platformName: ANDROID}
Session ID: ac6dc55a-1488-4659-993f-0cf4a6c8f4f0">
      <![CDATA[org.openqa.selenium.NoSuchSessionException: A session is either terminated or not started
Build info: version: '4.46.0', revision: 'df5a634 df5a6341cbb5f8f06b836bd595752775627c80dc'
System info: os.name: 'Windows 11', os.arch: 'amd64', os.version: '10.0', java.version: '17.0.12'
Driver info: io.appium.java_client.android.AndroidDriver
Command: [ac6dc55a-1488-4659-993f-0cf4a6c8f4f0, screenshot {}]
Capabilities {appium:app: C:\Users\Dyuthi\Dentzy_App\..., appium:appActivity: com.example.dentzy.MainActi..., appium:appPackage: com.example.dentzy, appium:autoGrantPermissions: true, appium:automationName: UiAutomator2, appium:databaseEnabled: false, appium:desired: {app: C:\Users\Dyuthi\Dentzy_App\..., appActivity: com.example.dentzy.MainActi..., appPackage: com.example.dentzy, autoGrantPermissions: true, automationName: UiAutomator2, deviceName: emulator-5554, newCommandTimeout: 600, noReset: false, platformName: ANDROID, platformVersion: 17}, appium:deviceApiLevel: 37, appium:deviceManufacturer: Google, appium:deviceModel: sdk_gphone16k_x86_64, appium:deviceName: emulator-5554, appium:deviceScreenDensity: 480, appium:deviceScreenSize: 1344x2992, appium:deviceUDID: emulator-5554, appium:javascriptEnabled: true, appium:locationContextEnabled: false, appium:networkConnectionEnabled: true, appium:newCommandTimeout: 600, appium:noReset: false, appium:pixelRatio: 3, appium:platformVersion: 17, appium:statBarHeight: 156, appium:takesScreenshot: true, appium:viewportRect: {height: 2836, left: 0, top: 156, width: 1344}, appium:warnings: {}, appium:webStorageEnabled: false, platformName: ANDROID}
Session ID: ac6dc55a-1488-4659-993f-0cf4a6c8f4f0
at org.openqa.selenium.remote.ErrorCodec.decode(ErrorCodec.java:169)
at org.openqa.selenium.remote.codec.w3c.W3CHttpResponseCodec.decode(W3CHttpResponseCodec.java:143)
at org.openqa.selenium.remote.codec.w3c.W3CHttpResponseCodec.decode(W3CHttpResponseCodec.java:50)
at org.openqa.selenium.remote.HttpCommandExecutor.execute(HttpCommandExecutor.java:196)
at io.appium.java_client.remote.AppiumCommandExecutor.execute(AppiumCommandExecutor.java:243)
at org.openqa.selenium.remote.RemoteWebDriver.execute(RemoteWebDriver.java:626)
at org.openqa.selenium.remote.RemoteWebDriver.execute(RemoteWebDriver.java:708)
at io.appium.java_client.AppiumDriver.execute(AppiumDriver.java:230)
at org.openqa.selenium.remote.RemoteWebDriver.getScreenshotAs(RemoteWebDriver.java:372)
at io.appium.java_client.AppiumDriver.getScreenshotAs(AppiumDriver.java:239)
at utilities.ScreenshotUtil.captureScreenshot(ScreenshotUtil.java:19)
at base.BaseTest.tearDown(BaseTest.java:140)
at java.base/java.util.ArrayList.forEach(ArrayList.java:1511)
... Removed 35 stack frames]]>
    </failure>
  </testcase> <!-- @AfterMethod tearDown -->
  <testcase classname="tests.AuthenticationTest" name="appTitleShouldBeVisible" time="2.518"/>
  <testcase classname="tests.AuthenticationTest" name="emailFieldShouldBeVisible" time="2.495"/>
  <testcase classname="tests.AuthenticationTest" name="emailHintShouldBeVisible" time="2.628"/>
  <testcase classname="tests.AuthenticationTest" name="loginDescriptionShouldBeVisible" time="2.688"/>
  <testcase classname="tests.AuthenticationTest" name="loginFormShouldBeVisible" time="2.546"/>
  <testcase classname="tests.AuthenticationTest" name="passwordFieldShouldBeVisible" time="2.387"/>
  <testcase classname="tests.AuthenticationTest" name="passwordHintShouldBeVisible" time="2.633"/>
  <testcase classname="tests.AuthenticationTest" name="signInButtonShouldBeVisible" time="2.667"/>
  <testcase classname="tests.AuthenticationTest" name="signUpOptionShouldBeVisible" time="2.414"/>
  <testcase classname="tests.AuthenticationTest" name="splashScreenLoads" time="2.401"/>
  <testcase classname="tests.AuthenticationTest" name="authenticationScreenShouldRemainInForeground" time="0.53"/>
  <testcase classname="tests.AuthenticationTest" name="backToLoginButtonShouldBeVisible" time="4.286"/>
  <testcase classname="tests.AuthenticationTest" name="backToLoginShouldReturnToLoginScreen" time="6.51"/>
  <testcase classname="tests.AuthenticationTest" name="confirmPasswordFieldShouldBeVisible" time="4.321"/>
  <testcase classname="tests.AuthenticationTest" name="createAccountButtonShouldBeClickable" time="5.155"/>
  <testcase classname="tests.AuthenticationTest" name="createAccountButtonShouldBeVisible" time="4.132"/>
  <testcase classname="tests.AuthenticationTest" name="forgotPasswordActionShouldBeVisible" time="2.718"/>
  <testcase classname="tests.AuthenticationTest" name="fullNameFieldShouldBeVisibleOnSignUp" time="4.567"/>
  <testcase classname="tests.AuthenticationTest" name="navigateToSignUpScreen" time="4.436"/>
  <testcase classname="tests.AuthenticationTest" name="rememberMeOptionShouldBeVisible" time="2.629"/>
  <testcase classname="tests.AuthenticationTest" name="showPasswordToggleShouldBeClickable" time="3.309"/>
  <testcase classname="tests.AuthenticationTest" name="showPasswordToggleShouldBeVisible" time="2.411"/>
  <testcase classname="tests.AuthenticationTest" name="showPasswordToggleShouldWorkOnSignUpScreen" time="5.789"/>
  <testcase classname="tests.AuthenticationTest" name="signInButtonShouldBeClickable" time="3.295"/>
  <testcase classname="tests.AuthenticationTest" name="signUpButtonShouldBeClickable" time="4.545"/>
  <testcase classname="tests.AuthenticationTest" name="signUpScreenShouldDisplayRequiredFields" time="0.016">
    <failure type="org.openqa.selenium.WebDriverException" message="&amp;apos;POST /element&amp;apos; cannot be proxied to UiAutomator2 server because the instrumentation process is not running (probably crashed). Check the server log and/or the logcat output for more details
Build info: version: &amp;apos;4.46.0&amp;apos;, revision: &amp;apos;df5a634 df5a6341cbb5f8f06b836bd595752775627c80dc&amp;apos;
System info: os.name: &amp;apos;Windows 11&amp;apos;, os.arch: &amp;apos;amd64&amp;apos;, os.version: &amp;apos;10.0&amp;apos;, java.version: &amp;apos;17.0.12&amp;apos;
Driver info: io.appium.java_client.android.AndroidDriver
Command: [de9569b0-cece-4ea1-a68e-f80e96b74eb0, findElement {using=xpath, value=//android.widget.Button[@content-desc=&amp;apos;Sign Up&amp;apos; or @text=&amp;apos;Sign Up&amp;apos;]}]
Capabilities {appium:app: C:\Users\Dyuthi\Dentzy_App\..., appium:appActivity: com.example.dentzy.MainActi..., appium:appPackage: com.example.dentzy, appium:autoGrantPermissions: true, appium:automationName: UiAutomator2, appium:databaseEnabled: false, appium:desired: {app: C:\Users\Dyuthi\Dentzy_App\..., appActivity: com.example.dentzy.MainActi..., appPackage: com.example.dentzy, autoGrantPermissions: true, automationName: UiAutomator2, deviceName: emulator-5554, newCommandTimeout: 600, noReset: false, platformName: ANDROID, platformVersion: 17}, appium:deviceApiLevel: 37, appium:deviceManufacturer: Google, appium:deviceModel: sdk_gphone16k_x86_64, appium:deviceName: emulator-5554, appium:deviceScreenDensity: 480, appium:deviceScreenSize: 1344x2992, appium:deviceUDID: emulator-5554, appium:javascriptEnabled: true, appium:locationContextEnabled: false, appium:networkConnectionEnabled: true, appium:newCommandTimeout: 600, appium:noReset: false, appium:pixelRatio: 3, appium:platformVersion: 17, appium:statBarHeight: 156, appium:takesScreenshot: true, appium:viewportRect: {height: 2836, left: 0, top: 156, width: 1344}, appium:warnings: {}, appium:webStorageEnabled: false, platformName: ANDROID}
Session ID: de9569b0-cece-4ea1-a68e-f80e96b74eb0">
      <![CDATA[org.openqa.selenium.WebDriverException: 'POST /element' cannot be proxied to UiAutomator2 server because the instrumentation process is not running (probably crashed). Check the server log and/or the logcat output for more details
Build info: version: '4.46.0', revision: 'df5a634 df5a6341cbb5f8f06b836bd595752775627c80dc'
System info: os.name: 'Windows 11', os.arch: 'amd64', os.version: '10.0', java.version: '17.0.12'
Driver info: io.appium.java_client.android.AndroidDriver
Command: [de9569b0-cece-4ea1-a68e-f80e96b74eb0, findElement {using=xpath, value=//android.widget.Button[@content-desc='Sign Up' or @text='Sign Up']}]
Capabilities {appium:app: C:\Users\Dyuthi\Dentzy_App\..., appium:appActivity: com.example.dentzy.MainActi..., appium:appPackage: com.example.dentzy, appium:autoGrantPermissions: true, appium:automationName: UiAutomator2, appium:databaseEnabled: false, appium:desired: {app: C:\Users\Dyuthi\Dentzy_App\..., appActivity: com.example.dentzy.MainActi..., appPackage: com.example.dentzy, autoGrantPermissions: true, automationName: UiAutomator2, deviceName: emulator-5554, newCommandTimeout: 600, noReset: false, platformName: ANDROID, platformVersion: 17}, appium:deviceApiLevel: 37, appium:deviceManufacturer: Google, appium:deviceModel: sdk_gphone16k_x86_64, appium:deviceName: emulator-5554, appium:deviceScreenDensity: 480, appium:deviceScreenSize: 1344x2992, appium:deviceUDID: emulator-5554, appium:javascriptEnabled: true, appium:locationContextEnabled: false, appium:networkConnectionEnabled: true, appium:newCommandTimeout: 600, appium:noReset: false, appium:pixelRatio: 3, appium:platformVersion: 17, appium:statBarHeight: 156, appium:takesScreenshot: true, appium:viewportRect: {height: 2836, left: 0, top: 156, width: 1344}, appium:warnings: {}, appium:webStorageEnabled: false, platformName: ANDROID}
Session ID: de9569b0-cece-4ea1-a68e-f80e96b74eb0
at org.openqa.selenium.remote.ErrorCodec.decode(ErrorCodec.java:169)
at org.openqa.selenium.remote.codec.w3c.W3CHttpResponseCodec.decode(W3CHttpResponseCodec.java:143)
at org.openqa.selenium.remote.codec.w3c.W3CHttpResponseCodec.decode(W3CHttpResponseCodec.java:50)
at org.openqa.selenium.remote.HttpCommandExecutor.execute(HttpCommandExecutor.java:196)
at io.appium.java_client.remote.AppiumCommandExecutor.execute(AppiumCommandExecutor.java:243)
at org.openqa.selenium.remote.RemoteWebDriver.execute(RemoteWebDriver.java:626)
at org.openqa.selenium.remote.ElementLocation$ElementFinder$2.findElement(ElementLocation.java:173)
at org.openqa.selenium.remote.ElementLocation.findElement(ElementLocation.java:60)
at org.openqa.selenium.remote.RemoteWebDriver.findElement(RemoteWebDriver.java:406)
at org.openqa.selenium.remote.RemoteWebDriver.findElement(RemoteWebDriver.java:400)
at org.openqa.selenium.support.ui.ExpectedConditions$22.apply(ExpectedConditions.java:756)
at org.openqa.selenium.support.ui.ExpectedConditions$22.apply(ExpectedConditions.java:749)
at org.openqa.selenium.support.ui.FluentWait.until(FluentWait.java:210)
at utilities.WaitUtils.waitForClickable(WaitUtils.java:28)
at pages.AuthenticationPage.clickSignUp(AuthenticationPage.java:116)
at tests.AuthenticationTest.signUpScreenShouldDisplayRequiredFields(AuthenticationTest.java:184)
at java.base/java.util.ArrayList.forEach(ArrayList.java:1511)
... Removed 31 stack frames]]>
    </failure>
  </testcase> <!-- signUpScreenShouldDisplayRequiredFields -->
  <testcase classname="tests.AuthenticationTest" name="userCanEnterConfirmPassword" time="0.0">
    <skipped/>
  </testcase> <!-- userCanEnterConfirmPassword -->
  <testcase classname="tests.AuthenticationTest" name="userCanEnterEmail" time="0.0">
    <skipped/>
  </testcase> <!-- userCanEnterEmail -->
  <testcase classname="tests.AuthenticationTest" name="userCanEnterFullName" time="0.0">
    <skipped/>
  </testcase> <!-- userCanEnterFullName -->
  <testcase classname="tests.AuthenticationTest" name="userCanEnterPassword" time="0.0">
    <skipped/>
  </testcase> <!-- userCanEnterPassword -->
  <testcase classname="tests.HomeTest" name="homeScreenLoads" time="15.474">
    <failure type="java.lang.AssertionError" message="App title should be visible expected [true] but found [false]">
      <![CDATA[java.lang.AssertionError: App title should be visible expected [true] but found [false]
at tests.HomeTest.homeScreenLoads(HomeTest.java:9)
at java.base/java.util.ArrayList.forEach(ArrayList.java:1511)
... Removed 34 stack frames]]>
    </failure>
  </testcase> <!-- homeScreenLoads -->
  <testcase classname="tests.HomeTest" name="navigateToMythChecker" time="0.0">
    <skipped/>
  </testcase> <!-- navigateToMythChecker -->
  <testcase classname="tests.MythCheckerTest" name="validMythCheck" time="15.097">
    <failure type="java.lang.AssertionError" message="App shell should be visible expected [true] but found [false]">
      <![CDATA[java.lang.AssertionError: App shell should be visible expected [true] but found [false]
at tests.MythCheckerTest.validMythCheck(MythCheckerTest.java:9)
at java.base/java.util.ArrayList.forEach(ArrayList.java:1511)
... Removed 34 stack frames]]>
    </failure>
  </testcase> <!-- validMythCheck -->
  <testcase classname="tests.LearningTest" name="openArticles" time="2.621"/>
  <testcase classname="tests.QuizTest" name="openQuiz" time="15.366">
    <failure type="java.lang.AssertionError" message="App shell should be visible from quiz entry expected [true] but found [false]">
      <![CDATA[java.lang.AssertionError: App shell should be visible from quiz entry expected [true] but found [false]
at tests.QuizTest.openQuiz(QuizTest.java:9)
at java.base/java.util.ArrayList.forEach(ArrayList.java:1511)
... Removed 34 stack frames]]>
    </failure>
  </testcase> <!-- openQuiz -->
  <testcase classname="tests.BrushingTest" name="openBrushingTimer" time="2.402"/>
  <testcase classname="tests.ReportsTest" name="openReports" time="15.256">
    <failure type="java.lang.AssertionError" message="App shell should be visible in reports flow expected [true] but found [false]">
      <![CDATA[java.lang.AssertionError: App shell should be visible in reports flow expected [true] but found [false]
at tests.ReportsTest.openReports(ReportsTest.java:9)
at java.base/java.util.ArrayList.forEach(ArrayList.java:1511)
... Removed 34 stack frames]]>
    </failure>
  </testcase> <!-- openReports -->
  <testcase classname="tests.NotificationsTest" name="openNotifications" time="2.596"/>
  <testcase classname="tests.SettingsTest" name="openSettings" time="15.145">
    <failure type="java.lang.AssertionError" message="App shell should be visible in settings flow expected [true] but found [false]">
      <![CDATA[java.lang.AssertionError: App shell should be visible in settings flow expected [true] but found [false]
at tests.SettingsTest.openSettings(SettingsTest.java:9)
at java.base/java.util.ArrayList.forEach(ArrayList.java:1511)
... Removed 34 stack frames]]>
    </failure>
  </testcase> <!-- openSettings -->
  <testcase classname="tests.ProfileTest" name="openProfile" time="2.588"/>
  <testcase classname="base.BaseTest" name="@AfterSuite suiteTearDown" time="0.0">
    <ignored/>
  </testcase> <!-- @AfterSuite suiteTearDown -->
  <testcase classname="base.BaseTest" name="@AfterSuite suiteTearDown" time="0.0">
    <ignored/>
  </testcase> <!-- @AfterSuite suiteTearDown -->
  <testcase classname="base.BaseTest" name="@BeforeSuite suiteSetup" time="0.0">
    <ignored/>
  </testcase> <!-- @BeforeSuite suiteSetup -->
  <testcase classname="base.BaseTest" name="@BeforeSuite suiteSetup" time="0.0">
    <ignored/>
  </testcase> <!-- @BeforeSuite suiteSetup -->
  <testcase classname="base.BaseTest" name="@AfterSuite suiteTearDown" time="0.0">
    <ignored/>
  </testcase> <!-- @AfterSuite suiteTearDown -->
  <testcase classname="base.BaseTest" name="@AfterSuite suiteTearDown" time="0.0">
    <ignored/>
  </testcase> <!-- @AfterSuite suiteTearDown -->
  <testcase classname="base.BaseTest" name="@BeforeSuite suiteSetup" time="0.0">
    <ignored/>
  </testcase> <!-- @BeforeSuite suiteSetup -->
  <testcase classname="base.BaseTest" name="@BeforeSuite suiteSetup" time="0.0">
    <ignored/>
  </testcase> <!-- @BeforeSuite suiteSetup -->
  <testcase classname="base.BaseTest" name="@BeforeSuite suiteSetup" time="0.0">
    <ignored/>
  </testcase> <!-- @BeforeSuite suiteSetup -->
  <testcase classname="base.BaseTest" name="@AfterSuite suiteTearDown" time="0.0">
    <ignored/>
  </testcase> <!-- @AfterSuite suiteTearDown -->
  <testcase classname="base.BaseTest" name="@AfterSuite suiteTearDown" time="0.0">
    <ignored/>
  </testcase> <!-- @AfterSuite suiteTearDown -->
  <testcase classname="base.BaseTest" name="@BeforeSuite suiteSetup" time="0.0">
    <ignored/>
  </testcase> <!-- @BeforeSuite suiteSetup -->
  <testcase classname="base.BaseTest" name="@AfterSuite suiteTearDown" time="0.0">
    <ignored/>
  </testcase> <!-- @AfterSuite suiteTearDown -->
  <testcase classname="base.BaseTest" name="@BeforeSuite suiteSetup" time="0.0">
    <ignored/>
  </testcase> <!-- @BeforeSuite suiteSetup -->
  <testcase classname="base.BaseTest" name="@BeforeSuite suiteSetup" time="0.0">
    <ignored/>
  </testcase> <!-- @BeforeSuite suiteSetup -->
  <testcase classname="base.BaseTest" name="@AfterSuite suiteTearDown" time="0.0">
    <ignored/>
  </testcase> <!-- @AfterSuite suiteTearDown -->
  <testcase classname="base.BaseTest" name="@BeforeSuite suiteSetup" time="0.0">
    <ignored/>
  </testcase> <!-- @BeforeSuite suiteSetup -->
  <testcase classname="base.BaseTest" name="@AfterSuite suiteTearDown" time="0.0">
    <ignored/>
  </testcase> <!-- @AfterSuite suiteTearDown -->
</testsuite> <!-- Dentzy Functional Tests -->
