<?xml version="1.0" encoding="UTF-8"?>
<!-- Generated by org.testng.reporters.JUnitXMLReporter -->
<testsuite ignored="29" hostname="Cat" failures="0" tests="1" name="Startup Smoke Test" time="13.137" errors="0" timestamp="2026-07-11T11:58:18 IST">
  <testcase classname="tests.AuthenticationTest" name="splashScreenLoads" time="0.06"/>
  <testcase classname="tests.AuthenticationTest" name="loginFormShouldBeVisible" time="0.0">
    <ignored/>
  </testcase> <!-- loginFormShouldBeVisible -->
  <testcase classname="tests.AuthenticationTest" name="passwordFieldShouldBeVisible" time="0.0">
    <ignored/>
  </testcase> <!-- passwordFieldShouldBeVisible -->
  <testcase classname="tests.AuthenticationTest" name="userCanEnterPassword" time="0.0">
    <ignored/>
  </testcase> <!-- userCanEnterPassword -->
  <testcase classname="tests.AuthenticationTest" name="userCanEnterFullName" time="0.0">
    <ignored/>
  </testcase> <!-- userCanEnterFullName -->
  <testcase classname="tests.AuthenticationTest" name="signInButtonShouldBeVisible" time="0.0">
    <ignored/>
  </testcase> <!-- signInButtonShouldBeVisible -->
  <testcase classname="tests.AuthenticationTest" name="showPasswordToggleShouldBeVisible" time="0.0">
    <ignored/>
  </testcase> <!-- showPasswordToggleShouldBeVisible -->
  <testcase classname="tests.AuthenticationTest" name="backToLoginShouldReturnToLoginScreen" time="0.0">
    <ignored/>
  </testcase> <!-- backToLoginShouldReturnToLoginScreen -->
  <testcase classname="tests.AuthenticationTest" name="signInButtonShouldBeClickable" time="0.0">
    <ignored/>
  </testcase> <!-- signInButtonShouldBeClickable -->
  <testcase classname="tests.AuthenticationTest" name="navigateToSignUpScreen" time="0.0">
    <ignored/>
  </testcase> <!-- navigateToSignUpScreen -->
  <testcase classname="tests.AuthenticationTest" name="signUpOptionShouldBeVisible" time="0.0">
    <ignored/>
  </testcase> <!-- signUpOptionShouldBeVisible -->
  <testcase classname="tests.AuthenticationTest" name="backToLoginButtonShouldBeVisible" time="0.0">
    <ignored/>
  </testcase> <!-- backToLoginButtonShouldBeVisible -->
  <testcase classname="tests.AuthenticationTest" name="fullNameFieldShouldBeVisibleOnSignUp" time="0.0">
    <ignored/>
  </testcase> <!-- fullNameFieldShouldBeVisibleOnSignUp -->
  <testcase classname="tests.AuthenticationTest" name="confirmPasswordFieldShouldBeVisible" time="0.0">
    <ignored/>
  </testcase> <!-- confirmPasswordFieldShouldBeVisible -->
  <testcase classname="tests.AuthenticationTest" name="signUpScreenShouldDisplayRequiredFields" time="0.0">
    <ignored/>
  </testcase> <!-- signUpScreenShouldDisplayRequiredFields -->
  <testcase classname="tests.AuthenticationTest" name="forgotPasswordActionShouldBeVisible" time="0.0">
    <ignored/>
  </testcase> <!-- forgotPasswordActionShouldBeVisible -->
  <testcase classname="tests.AuthenticationTest" name="createAccountButtonShouldBeClickable" time="0.0">
    <ignored/>
  </testcase> <!-- createAccountButtonShouldBeClickable -->
  <testcase classname="tests.AuthenticationTest" name="appTitleShouldBeVisible" time="0.0">
    <ignored/>
  </testcase> <!-- appTitleShouldBeVisible -->
  <testcase classname="tests.AuthenticationTest" name="showPasswordToggleShouldWorkOnSignUpScreen" time="0.0">
    <ignored/>
  </testcase> <!-- showPasswordToggleShouldWorkOnSignUpScreen -->
  <testcase classname="tests.AuthenticationTest" name="userCanEnterEmail" time="0.0">
    <ignored/>
  </testcase> <!-- userCanEnterEmail -->
  <testcase classname="tests.AuthenticationTest" name="createAccountButtonShouldBeVisible" time="0.0">
    <ignored/>
  </testcase> <!-- createAccountButtonShouldBeVisible -->
  <testcase classname="tests.AuthenticationTest" name="signUpButtonShouldBeClickable" time="0.0">
    <ignored/>
  </testcase> <!-- signUpButtonShouldBeClickable -->
  <testcase classname="tests.AuthenticationTest" name="userCanEnterConfirmPassword" time="0.0">
    <ignored/>
  </testcase> <!-- userCanEnterConfirmPassword -->
  <testcase classname="tests.AuthenticationTest" name="passwordHintShouldBeVisible" time="0.0">
    <ignored/>
  </testcase> <!-- passwordHintShouldBeVisible -->
  <testcase classname="tests.AuthenticationTest" name="loginDescriptionShouldBeVisible" time="0.0">
    <ignored/>
  </testcase> <!-- loginDescriptionShouldBeVisible -->
  <testcase classname="tests.AuthenticationTest" name="authenticationScreenShouldRemainInForeground" time="0.0">
    <ignored/>
  </testcase> <!-- authenticationScreenShouldRemainInForeground -->
  <testcase classname="tests.AuthenticationTest" name="rememberMeOptionShouldBeVisible" time="0.0">
    <ignored/>
  </testcase> <!-- rememberMeOptionShouldBeVisible -->
  <testcase classname="tests.AuthenticationTest" name="emailHintShouldBeVisible" time="0.0">
    <ignored/>
  </testcase> <!-- emailHintShouldBeVisible -->
  <testcase classname="tests.AuthenticationTest" name="showPasswordToggleShouldBeClickable" time="0.0">
    <ignored/>
  </testcase> <!-- showPasswordToggleShouldBeClickable -->
  <testcase classname="tests.AuthenticationTest" name="emailFieldShouldBeVisible" time="0.0">
    <ignored/>
  </testcase> <!-- emailFieldShouldBeVisible -->
</testsuite> <!-- Startup Smoke Test -->
