<?xml version="1.0" encoding="UTF-8"?>
<testng-results ignored="0" total="1" passed="1" failed="0" skipped="0">
  <reporter-output>
  </reporter-output>
  <suite started-at="2026-07-11T11:58:05 IST" name="Dentzy Startup Smoke Suite" finished-at="2026-07-11T11:58:18 IST" duration-ms="13137">
    <groups>
    </groups>
    <test started-at="2026-07-11T11:58:05 IST" name="Startup Smoke Test" finished-at="2026-07-11T11:58:18 IST" duration-ms="13137">
      <class name="tests.AuthenticationTest">
        <test-method is-config="true" signature="suiteSetup()[pri:0, instance:tests.AuthenticationTest@23941fb4]" started-at="2026-07-11T11:58:05 IST" name="suiteSetup" finished-at="2026-07-11T11:58:05 IST" duration-ms="134" status="PASS">
          <reporter-output>
          </reporter-output>
        </test-method> <!-- suiteSetup -->
        <test-method is-config="true" signature="classSetup()[pri:0, instance:tests.AuthenticationTest@23941fb4]" started-at="2026-07-11T11:58:05 IST" name="classSetup" finished-at="2026-07-11T11:58:05 IST" duration-ms="0" status="PASS">
          <reporter-output>
          </reporter-output>
        </test-method> <!-- classSetup -->
        <test-method is-config="true" signature="setUp(java.lang.reflect.Method)[pri:0, instance:tests.AuthenticationTest@23941fb4]" started-at="2026-07-11T11:58:05 IST" name="setUp" finished-at="2026-07-11T11:58:17 IST" duration-ms="12044" status="PASS">
          <params>
            <param index="0">
              <value>
                <![CDATA[public void tests.AuthenticationTest.splashScreenLoads()]]>
              </value>
            </param>
          </params>
          <reporter-output>
          </reporter-output>
        </test-method> <!-- setUp -->
        <test-method signature="splashScreenLoads()[pri:1, instance:tests.AuthenticationTest@23941fb4]" started-at="2026-07-11T11:58:17 IST" name="splashScreenLoads" description="AUTH-001: Splash screen should load" finished-at="2026-07-11T11:58:17 IST" duration-ms="60" status="PASS">
          <reporter-output>
          </reporter-output>
        </test-method> <!-- splashScreenLoads -->
        <test-method is-config="true" signature="tearDown(org.testng.ITestResult)[pri:0, instance:tests.AuthenticationTest@23941fb4]" started-at="2026-07-11T11:58:17 IST" name="tearDown" finished-at="2026-07-11T11:58:18 IST" duration-ms="805" status="PASS">
          <params>
            <param index="0">
              <value>
                <![CDATA[[TestResult name=splashScreenLoads status=SUCCESS method=AuthenticationTest.splashScreenLoads()[pri:1, instance:tests.AuthenticationTest@23941fb4] output={null}]]]>
              </value>
            </param>
          </params>
          <reporter-output>
          </reporter-output>
        </test-method> <!-- tearDown -->
        <test-method is-config="true" signature="suiteTearDown()[pri:0, instance:tests.AuthenticationTest@23941fb4]" started-at="2026-07-11T11:58:18 IST" name="suiteTearDown" finished-at="2026-07-11T11:58:19 IST" duration-ms="940" status="PASS">
          <reporter-output>
          </reporter-output>
        </test-method> <!-- suiteTearDown -->
      </class> <!-- tests.AuthenticationTest -->
    </test> <!-- Startup Smoke Test -->
  </suite> <!-- Dentzy Startup Smoke Suite -->
</testng-results>
