<?xml version="1.0" encoding="UTF-8"?>
<testsuite xmlns:xsi="http://www.w3.org/2001/XMLSchema-instance" xsi:noNamespaceSchemaLocation="https://maven.apache.org/surefire/maven-surefire-plugin/xsd/surefire-test-report-3.0.xsd" version="3.0" name="TestSuite" time="14.691" tests="1" errors="0" skipped="0" failures="0">
  <properties>
[...]
</properties>
  <testcase name="splashScreenLoads" classname="tests.AuthenticationTest" time="0.269">
    <system-out><![CDATA[[START] Maven started
Timestamp: 2026-07-11 11:58:05.066
Elapsed time: 0 ms
[END] Maven started
Elapsed time: 1 ms
[START] TestNG suite started
Timestamp: 2026-07-11 11:58:05.067
Elapsed time: 1 ms
[END] TestNG suite started
Elapsed time: 1 ms
[START] BeforeSuite
Timestamp: 2026-07-11 11:58:05.067
Elapsed time: 1 ms
[END] BeforeSuite
Elapsed time: 126 ms
[START] BeforeClass
Timestamp: 2026-07-11 11:58:05.204
Elapsed time: 138 ms
[END] BeforeClass
Elapsed time: 138 ms
[START] BeforeMethod
Timestamp: 2026-07-11 11:58:05.209
Elapsed time: 143 ms
[START] Start Appium Server
Timestamp: 2026-07-11 11:58:05.211
Elapsed time: 145 ms
[END] Start Appium Server
Elapsed time: 1 ms
[START] Verify Appium Server is reachable
Timestamp: 2026-07-11 11:58:05.212
Elapsed time: 146 ms
Appium status code: 200
Appium status body: {"value":{"ready":true,"message":"The server is ready to accept new connections","build":{"version":"3.5.2"}}}

[END] Verify Appium Server is reachable
Elapsed time: 11 ms
[START] Connect to emulator
Timestamp: 2026-07-11 11:58:05.223
Elapsed time: 157 ms
[END] Connect to emulator
Elapsed time: 0 ms
[START] Verify emulator is online using adb devices
Timestamp: 2026-07-11 11:58:05.224
Elapsed time: 158 ms
adb devices output:
List of devices attached
emulator-5554          device product:sdk_gphone16k_x86_64 model:sdk_gphone16k_x86_64 device:emu64xa16k transport_id:2
emulator-5556          device product:sdk_gphone16k_x86_64 model:sdk_gphone16k_x86_64 device:emu64xa16k transport_id:3


[END] Verify emulator is online using adb devices
Elapsed time: 37 ms
[START] Install app if required
Timestamp: 2026-07-11 11:58:05.261
Elapsed time: 195 ms
APK path: C:\Users\Dyuthi\Dentzy_App\dentzy\build\app\outputs\flutter-apk\app-debug.apk
Package: com.example.dentzy
pm path output:
package:/data/app/~~tL0LdWUMln_8Ey_u-Ptt3A==/com.example.dentzy-nQF5MNeHRlcsFDwOBj_qVQ==/base.apk

App is already installed on the device.
[END] Install app if required
Elapsed time: 56 ms
[START] Create AndroidDriver
Timestamp: 2026-07-11 11:58:05.318
Elapsed time: 252 ms
[INFO] Creating AndroidDriver against http://127.0.0.1:4723/
[END] Create AndroidDriver
Elapsed time: 9468 ms
[START] Driver session created successfully
Timestamp: 2026-07-11 11:58:14.787
Elapsed time: 9721 ms
SESSION ID: 38a23481-4772-44a8-99f1-2dc30a994225
[END] Driver session created successfully
Elapsed time: 5 ms
[START] Launch application
Timestamp: 2026-07-11 11:58:14.793
Elapsed time: 9727 ms
[END] Launch application
Elapsed time: 286 ms
[START] Wait for first screen
Timestamp: 2026-07-11 11:58:15.080
Elapsed time: 10014 ms
[END] Wait for first screen
Elapsed time: 2119 ms
[START] Verify first screen is displayed
Timestamp: 2026-07-11 11:58:17.200
Elapsed time: 12134 ms
[END] Verify first screen is displayed
Elapsed time: 49 ms
[START] Initialize page objects
Timestamp: 2026-07-11 11:58:17.250
Elapsed time: 12184 ms
[END] Initialize page objects
Elapsed time: 2 ms
[END] BeforeMethod
Elapsed time: 12043 ms
[START] Execute first test method
Timestamp: 2026-07-11 11:58:17.254
Elapsed time: 12188 ms
[END] Execute first test method
Elapsed time: 62 ms
]]></system-out>
    <system-err><![CDATA[SLF4J(W): No SLF4J providers were found.
SLF4J(W): Defaulting to no-operation (NOP) logger implementation
SLF4J(W): See https://www.slf4j.org/codes.html#noProviders for further details.
]]></system-err>
  </testcase>
</testsuite>